Preprocessing library for colour-2.3.6...
Building library for colour-2.3.6...
[ 1 of 14] Compiling Data.Colour.CIE.Chromaticity ( Data\Colour\CIE\Chromaticity.hs, dist\build\Data\Colour\CIE\Chromaticity.o )
[ 2 of 14] Compiling Data.Colour.CIE.Illuminant ( Data\Colour\CIE\Illuminant.hs, dist\build\Data\Colour\CIE\Illuminant.o )
[ 3 of 14] Compiling Data.Colour.Chan ( Data\Colour\Chan.hs, dist\build\Data\Colour\Chan.o )
[ 4 of 14] Compiling Data.Colour.Internal ( Data\Colour\Internal.hs, dist\build\Data\Colour\Internal.o )
[ 5 of 14] Compiling Data.Colour.Matrix ( Data\Colour\Matrix.hs, dist\build\Data\Colour\Matrix.o )
[ 6 of 14] Compiling Data.Colour.RGB  ( Data\Colour\RGB.hs, dist\build\Data\Colour\RGB.o )
[ 7 of 14] Compiling Data.Colour.RGBSpace.HSL ( Data\Colour\RGBSpace\HSL.hs, dist\build\Data\Colour\RGBSpace\HSL.o )
[ 8 of 14] Compiling Data.Colour.RGBSpace.HSV ( Data\Colour\RGBSpace\HSV.hs, dist\build\Data\Colour\RGBSpace\HSV.o )
[ 9 of 14] Compiling Data.Colour.SRGB.Linear ( Data\Colour\SRGB\Linear.hs, dist\build\Data\Colour\SRGB\Linear.o )
[10 of 14] Compiling Data.Colour.RGBSpace ( Data\Colour\RGBSpace.hs, dist\build\Data\Colour\RGBSpace.o )
[11 of 14] Compiling Data.Colour.SRGB ( Data\Colour\SRGB.hs, dist\build\Data\Colour\SRGB.o )
Data\Colour\SRGB.hs:117:8: warning: [GHC-63394] [-Wx-partial]
    In the use of ‘head’
    (imported from Prelude, but defined in GHC.Internal.List):
    "This is a partial function, it throws an error on empty lists. Use pattern matching, 'Data.List.uncons' or 'Data.Maybe.listToMaybe' instead. Consider refactoring to use "Data.List.NonEmpty"."
    |
117 |   x' | head x == '#' = tail x
    |        ^^^^

Data\Colour\SRGB.hs:117:24: warning: [GHC-63394] [-Wx-partial]
    In the use of ‘tail’
    (imported from Prelude, but defined in GHC.Internal.List):
    "This is a partial function, it throws an error on empty lists. Replace it with 'drop' 1, or use pattern matching or 'GHC.Internal.Data.List.uncons' instead. Consider refactoring to use "Data.List.NonEmpty"."
    |
117 |   x' | head x == '#' = tail x
    |                        ^^^^

Data\Colour\SRGB.hs:127:50: warning: [GHC-63394] [-Wx-partial]
    In the use of ‘head’
    (imported from Prelude, but defined in GHC.Internal.List):
    "This is a partial function, it throws an error on empty lists. Use pattern matching, 'Data.List.uncons' or 'Data.Maybe.listToMaybe' instead. Consider refactoring to use "Data.List.NonEmpty"."
    |
127 | sRGB24read x | length rx /= 1 || not (null (snd (head rx))) =
    |                                                  ^^^^

Data\Colour\SRGB.hs:129:33: warning: [GHC-63394] [-Wx-partial]
    In the use of ‘head’
    (imported from Prelude, but defined in GHC.Internal.List):
    "This is a partial function, it throws an error on empty lists. Use pattern matching, 'Data.List.uncons' or 'Data.Maybe.listToMaybe' instead. Consider refactoring to use "Data.List.NonEmpty"."
    |
129 |              | otherwise = fst (head rx)
    |                                 ^^^^

[12 of 14] Compiling Data.Colour      ( Data\Colour.hs, dist\build\Data\Colour.o )
[13 of 14] Compiling Data.Colour.Names ( Data\Colour\Names.hs, dist\build\Data\Colour\Names.o )
[14 of 14] Compiling Data.Colour.CIE  ( Data\Colour\CIE.hs, dist\build\Data\Colour\CIE.o )
