Installing library in C:\Users\baian\Haskell\Prover\.cabal\store\ghc-9.12.2-4764\incoming\new-14558\Users\baian\Haskell\Prover\.cabal\store\ghc-9.12.2-4764\primitive-0.9.1.0-03d2e43546be109c005915eb71c92e8e4cc3a115\lib

[ 2 of 14] Compiling Data.Primitive.MachDeps ( Data\Primitive\MachDeps.hs, dist\build\Data\Primitive\MachDeps.o )
[ 3 of 14] Compiling Data.Primitive.Internal.Operations ( Data\Primitive\Internal\Operations.hs, dist\build\Data\Primitive\Internal\Operations.o )
[ 4 of 14] Compiling Control.Monad.Primitive ( Control\Monad\Primitive.hs, dist\build\Control\Monad\Primitive.o )
[ 5 of 14] Compiling Data.Primitive.MVar ( Data\Primitive\MVar.hs, dist\build\Data\Primitive\MVar.o )
[ 6 of 14] Compiling Data.Primitive.Array ( Data\Primitive\Array.hs, dist\build\Data\Primitive\Array.o )
[ 7 of 14] Compiling Data.Primitive.MutVar ( Data\Primitive\MutVar.hs, dist\build\Data\Primitive\MutVar.o )
[ 8 of 14] Compiling Data.Primitive.SmallArray ( Data\Primitive\SmallArray.hs, dist\build\Data\Primitive\SmallArray.o )
Data\Primitive\SmallArray.hs:399:7: warning: [GHC-68441] [-Wdeprecations]
    In the use of ‘sizeofSmallMutableArray#’
    (imported from GHC.Exts, but defined in GHC.Prim):
    Deprecated: " Use 'getSizeofSmallMutableArray#' instead "
    |
399 |   I# (sizeofSmallMutableArray# sa#)
    |       ^^^^^^^^^^^^^^^^^^^^^^^^

[ 9 of 14] Compiling Data.Primitive.Types ( Data\Primitive\Types.hs, dist\build\Data\Primitive\Types.o )
[10 of 14] Compiling Data.Primitive.ByteArray ( Data\Primitive\ByteArray.hs, dist\build\Data\Primitive\ByteArray.o )
Data\Primitive\ByteArray.hs:306:54: warning: [GHC-68441] [-Wdeprecations]
    In the use of ‘sizeofMutableByteArray#’
    (imported from GHC.Exts, but defined in GHC.Prim):
    Deprecated: " Use 'getSizeofMutableByteArray#' instead "
    |
306 | sizeofMutableByteArray (MutableByteArray arr#) = I# (sizeofMutableByteArray# arr#)
    |                                                      ^^^^^^^^^^^^^^^^^^^^^^^

[11 of 14] Compiling Data.Primitive.PrimArray ( Data\Primitive\PrimArray.hs, dist\build\Data\Primitive\PrimArray.o )
Data\Primitive\PrimArray.hs:491:17: warning: [GHC-68441] [-Wdeprecations]
    In the use of ‘sizeofMutableByteArray#’
    (imported from GHC.Exts, but defined in GHC.Prim):
    Deprecated: " Use 'getSizeofMutableByteArray#' instead "
    |
491 |   I# (quotInt# (sizeofMutableByteArray# arr#) (sizeOfType# (Proxy :: Proxy a)))
    |                 ^^^^^^^^^^^^^^^^^^^^^^^

[12 of 14] Compiling Data.Primitive.Ptr ( Data\Primitive\Ptr.hs, dist\build\Data\Primitive\Ptr.o )
[13 of 14] Compiling Data.Primitive   ( Data\Primitive.hs, dist\build\Data\Primitive.o )
[14 of 14] Compiling Data.Primitive.PrimVar ( Data\Primitive\PrimVar.hs, dist\build\Data\Primitive\PrimVar.o )
